# Logfile created on 2014-07-02 08:30:03 -0700 by logger.rb/36483
I, [2014-07-02T08:30:03.523523 #56145]  INFO -- : 0:  i18n (0.6.9) from /Users/lucas/.rvm/gems/ruby-2.0.0-p247/specifications/i18n-0.6.9.gemspec
I, [2014-07-02T08:30:03.524116 #56145]  INFO -- : 0:  minitest (4.7.5) from /Users/lucas/.rvm/gems/ruby-2.0.0-p247/specifications/minitest-4.7.5.gemspec
I, [2014-07-02T08:30:03.524500 #56145]  INFO -- : 0:  multi_json (1.10.0) from /Users/lucas/.rvm/gems/ruby-2.0.0-p247/specifications/multi_json-1.10.0.gemspec
I, [2014-07-02T08:30:03.524792 #56145]  INFO -- : 0:  thread_safe (0.3.3) from /Users/lucas/.rvm/gems/ruby-2.0.0-p247/specifications/thread_safe-0.3.3.gemspec
I, [2014-07-02T08:30:03.525077 #56145]  INFO -- : 0:  tzinfo (0.3.39) from /Users/lucas/.rvm/gems/ruby-2.0.0-p247/specifications/tzinfo-0.3.39.gemspec
I, [2014-07-02T08:30:03.525358 #56145]  INFO -- : 0:  activesupport (4.0.0) from /Users/lucas/.rvm/gems/ruby-2.0.0-p247/specifications/activesupport-4.0.0.gemspec
I, [2014-07-02T08:30:03.525625 #56145]  INFO -- : 0:  chunky_png (1.3.0) from /Users/lucas/.rvm/gems/ruby-2.0.0-p247/specifications/chunky_png-1.3.0.gemspec
I, [2014-07-02T08:30:03.525900 #56145]  INFO -- : 0:  climate_control (0.0.3) from /Users/lucas/.rvm/gems/ruby-2.0.0-p247/specifications/climate_control-0.0.3.gemspec
I, [2014-07-02T08:30:03.526183 #56145]  INFO -- : 0:  cocaine (0.5.4) from /Users/lucas/.rvm/gems/ruby-2.0.0-p247/specifications/cocaine-0.5.4.gemspec
I, [2014-07-02T08:30:03.526459 #56145]  INFO -- : 0:  coderay (1.1.0) from /Users/lucas/.rvm/gems/ruby-2.0.0-p247/specifications/coderay-1.1.0.gemspec
I, [2014-07-02T08:30:03.526732 #56145]  INFO -- : 0:  color (1.6) from /Users/lucas/.rvm/gems/ruby-2.0.0-p247/specifications/color-1.6.gemspec
I, [2014-07-02T08:30:03.527002 #56145]  INFO -- : 0:  diff-lcs (1.2.5) from /Users/lucas/.rvm/gems/ruby-2.0.0-p247/specifications/diff-lcs-1.2.5.gemspec
I, [2014-07-02T08:30:03.604757 #56145]  INFO -- : 0:  happy_little_accidents (0.0.0) from /Users/lucas/code/hh/hla/imager.gemspec
I, [2014-07-02T08:30:03.605100 #56145]  INFO -- : 0:  method_source (0.8.2) from /Users/lucas/.rvm/gems/ruby-2.0.0-p247/specifications/method_source-0.8.2.gemspec
I, [2014-07-02T08:30:03.605352 #56145]  INFO -- : 0:  oily_png (1.1.1) from /Users/lucas/.rvm/gems/ruby-2.0.0-p247/specifications/oily_png-1.1.1.gemspec
I, [2014-07-02T08:30:03.605595 #56145]  INFO -- : 0:  miro (0.3.0) from /Users/lucas/.rvm/gems/ruby-2.0.0-p247/specifications/miro-0.3.0.gemspec
I, [2014-07-02T08:30:03.605828 #56145]  INFO -- : 0:  slop (3.5.0) from /Users/lucas/.rvm/gems/ruby-2.0.0-p247/specifications/slop-3.5.0.gemspec
I, [2014-07-02T08:30:03.606033 #56145]  INFO -- : 0:  pry (0.9.12.6) from /Users/lucas/.rvm/gems/ruby-2.0.0-p247/specifications/pry-0.9.12.6.gemspec
I, [2014-07-02T08:30:03.606249 #56145]  INFO -- : 0:  rspec-core (2.14.8) from /Users/lucas/.rvm/gems/ruby-2.0.0-p247/specifications/rspec-core-2.14.8.gemspec
I, [2014-07-02T08:30:03.606477 #56145]  INFO -- : 0:  rspec-expectations (2.14.5) from /Users/lucas/.rvm/gems/ruby-2.0.0-p247/specifications/rspec-expectations-2.14.5.gemspec
I, [2014-07-02T08:30:03.606694 #56145]  INFO -- : 0:  rspec-mocks (2.14.6) from /Users/lucas/.rvm/gems/ruby-2.0.0-p247/specifications/rspec-mocks-2.14.6.gemspec
I, [2014-07-02T08:30:03.606933 #56145]  INFO -- : 0:  rspec (2.14.1) from /Users/lucas/.rvm/gems/ruby-2.0.0-p247/specifications/rspec-2.14.1.gemspec
I, [2014-07-02T08:30:03.607175 #56145]  INFO -- : 0:  ruby-vips (0.3.8) from /Users/lucas/.rvm/gems/ruby-2.0.0-p247/specifications/ruby-vips-0.3.8.gemspec
I, [2014-07-02T08:30:03.607429 #56145]  INFO -- : 0:  bundler (1.5.1) from /Users/lucas/.rvm/gems/ruby-2.0.0-p247/specifications/bundler-1.5.1.gemspec
